# JRE version: Java(TM) SE Runtime Environment (17.0.12+8) (build 17.0.12+8-LTS-286)
# Java VM: Java HotSpot(TM) 64-Bit Server VM (17.0.12+8-LTS-286, mixed mode, emulated-client, sharing, tiered, compressed oops, compressed class ptrs, g1 gc, windows-amd64)
GC Precious Log:
 CPUs: 20 total, 20 available
 Memory: 16191M
 Large Page Support: Disabled
 NUMA Support: Disabled
 Compressed Oops: Enabled (Zero based)
 Heap Region Size: 2M
 Heap Min Capacity: 8M
 Heap Initial Capacity: 254M
 Heap Max Capacity: 4048M
 Pre-touch: Disabled
 Parallel Workers: 15
 Concurrent Workers: 4
 Concurrent Refinement Workers: 15
 Periodic GC: Disabled
Heap:
 garbage-first heap   total 157696K, used 40652K [0x0000000703000000, 0x0000000800000000)
  region size 2048K, 14 young (28672K), 1 survivors (2048K)
 Metaspace       used 31354K, committed 31808K, reserved 1114112K
  class space    used 4393K, committed 4608K, reserved 1048576K
GC Heap History (12 events):
Event: 0.397 GC heap before
{Heap before GC invocations=0 (full 0):
 garbage-first heap   total 260096K, used 22528K [0x0000000703000000, 0x0000000800000000)
  region size 2048K, 11 young (22528K), 0 survivors (0K)
 Metaspace       used 7263K, committed 7488K, reserved 1114112K
  class space    used 916K, committed 1024K, reserved 1048576K
}
Event: 0.401 GC heap after
{Heap after GC invocations=1 (full 0):
 garbage-first heap   total 260096K, used 6565K [0x0000000703000000, 0x0000000800000000)
  region size 2048K, 2 young (4096K), 2 survivors (4096K)
 Metaspace       used 7263K, committed 7488K, reserved 1114112K
  class space    used 916K, committed 1024K, reserved 1048576K
}
Event: 0.689 GC heap before
{Heap before GC invocations=1 (full 0):
 garbage-first heap   total 260096K, used 31141K [0x0000000703000000, 0x0000000800000000)
  region size 2048K, 14 young (28672K), 2 survivors (4096K)
 Metaspace       used 12699K, committed 12992K, reserved 1114112K
  class space    used 1724K, committed 1856K, reserved 1048576K
}
Event: 0.692 GC heap after
{Heap after GC invocations=2 (full 0):
 garbage-first heap   total 260096K, used 8580K [0x0000000703000000, 0x0000000800000000)
  region size 2048K, 1 young (2048K), 1 survivors (2048K)
 Metaspace       used 12699K, committed 12992K, reserved 1114112K
  class space    used 1724K, committed 1856K, reserved 1048576K
}
Event: 1.153 GC heap before
{Heap before GC invocations=2 (full 0):
 garbage-first heap   total 260096K, used 63876K [0x0000000703000000, 0x0000000800000000)
  region size 2048K, 29 young (59392K), 1 survivors (2048K)
 Metaspace       used 21174K, committed 21504K, reserved 1114112K
  class space    used 2844K, committed 3008K, reserved 1048576K
}
Event: 1.157 GC heap after
{Heap after GC invocations=3 (full 0):
 garbage-first heap   total 260096K, used 12365K [0x0000000703000000, 0x0000000800000000)
  region size 2048K, 3 young (6144K), 3 survivors (6144K)
 Metaspace       used 21174K, committed 21504K, reserved 1114112K
  class space    used 2844K, committed 3008K, reserved 1048576K
}
Event: 1.485 GC heap before
{Heap before GC invocations=4 (full 0):
 garbage-first heap   total 55296K, used 38989K [0x0000000703000000, 0x0000000800000000)
  region size 2048K, 16 young (32768K), 3 survivors (6144K)
 Metaspace       used 24647K, committed 25088K, reserved 1114112K
  class space    used 3340K, committed 3584K, reserved 1048576K
}
Event: 1.489 GC heap after
{Heap after GC invocations=5 (full 0):
 garbage-first heap   total 55296K, used 14243K [0x0000000703000000, 0x0000000800000000)
  region size 2048K, 2 young (4096K), 2 survivors (4096K)
 Metaspace       used 24647K, committed 25088K, reserved 1114112K
  class space    used 3340K, committed 3584K, reserved 1048576K
}
Event: 1.521 GC heap before
{Heap before GC invocations=5 (full 0):
 garbage-first heap   total 55296K, used 16291K [0x0000000703000000, 0x0000000800000000)
  region size 2048K, 3 young (6144K), 2 survivors (4096K)
 Metaspace       used 24905K, committed 25344K, reserved 1114112K
  class space    used 3382K, committed 3584K, reserved 1048576K
}
Event: 1.525 GC heap after
{Heap after GC invocations=6 (full 0):
 garbage-first heap   total 55296K, used 14765K [0x0000000703000000, 0x0000000800000000)
  region size 2048K, 1 young (2048K), 1 survivors (2048K)
 Metaspace       used 24905K, committed 25344K, reserved 1114112K
  class space    used 3382K, committed 3584K, reserved 1048576K
}
Event: 1.813 GC heap before
{Heap before GC invocations=6 (full 0):
 garbage-first heap   total 55296K, used 35245K [0x0000000703000000, 0x0000000800000000)
  region size 2048K, 11 young (22528K), 1 survivors (2048K)
 Metaspace       used 28276K, committed 28736K, reserved 1114112K
  class space    used 3976K, committed 4160K, reserved 1048576K
}
Event: 1.817 GC heap after
{Heap after GC invocations=7 (full 0):
 garbage-first heap   total 157696K, used 16076K [0x0000000703000000, 0x0000000800000000)
  region size 2048K, 1 young (2048K), 1 survivors (2048K)
 Metaspace       used 28276K, committed 28736K, reserved 1114112K
  class space    used 3976K, committed 4160K, reserved 1048576K
}

